[2025-08-03 14:14:51,660] INFO - [Worker] Worker started and waiting for tasks...
[2025-08-03 14:14:51,660] INFO - [Worker] Waiting for task from queue...
[2025-08-03 14:14:51,665] INFO - [CLI] Task put in queue.
[2025-08-03 14:14:51,665] INFO - [Worker] Got task: power - base=2 exp=5
[2025-08-03 14:14:51,665] INFO - [DEBUG] Result calculated: 32
[2025-08-03 14:14:51,673] INFO - [Worker] power({'base': 2, 'exp': 5}) = 32
[2025-08-03 14:14:51,674] INFO - [Worker] Waiting for task from queue...
[2025-08-03 14:14:51,674] INFO - [Worker] Shutdown signal received. Exiting worker...
[2025-08-03 14:14:52,104] INFO - [Worker] Worker started and waiting for tasks...
[2025-08-03 14:14:52,105] INFO - [Worker] Waiting for task from queue...
[2025-08-03 14:14:52,108] INFO - [CLI] Task put in queue.
[2025-08-03 14:14:52,115] INFO - [Worker] Got task: fibonacci - n=10
[2025-08-03 14:14:52,115] INFO - [DEBUG] Result calculated: 55
[2025-08-03 14:14:52,123] INFO - [Worker] fibonacci({'n': 10}) = 55
[2025-08-03 14:14:52,123] INFO - [Worker] Waiting for task from queue...
[2025-08-03 14:14:52,124] INFO - [Worker] Shutdown signal received. Exiting worker...
[2025-08-03 14:25:10,402] INFO - [Worker] Worker started and waiting for tasks...
[2025-08-03 14:25:10,402] INFO - [Worker] Waiting for task from queue...
[2025-08-03 14:25:10,405] INFO - [CLI] Task put in queue.
[2025-08-03 14:25:10,405] INFO - [Worker] Got task: power - base=2 exp=5
[2025-08-03 14:25:10,406] INFO - [DEBUG] Result calculated: 32
[2025-08-03 14:25:10,411] INFO - [Worker] power({'base': 2, 'exp': 5}) = 32
[2025-08-03 14:25:10,411] INFO - [Worker] Waiting for task from queue...
[2025-08-03 14:25:10,411] INFO - [Worker] Shutdown signal received. Exiting worker...
[2025-08-03 14:25:10,818] INFO - [Worker] Worker started and waiting for tasks...
[2025-08-03 14:25:10,819] INFO - [Worker] Waiting for task from queue...
[2025-08-03 14:25:10,821] INFO - [CLI] Task put in queue.
[2025-08-03 14:25:10,822] INFO - [Worker] Got task: factorial - n=5
[2025-08-03 14:25:10,822] INFO - [DEBUG] Result calculated: 120
[2025-08-03 14:25:10,829] INFO - [Worker] factorial({'n': 5}) = 120
[2025-08-03 14:25:10,829] INFO - [Worker] Waiting for task from queue...
[2025-08-03 14:25:10,830] INFO - [Worker] Shutdown signal received. Exiting worker...
[2025-08-03 14:25:16,058] INFO - [Worker] Worker started and waiting for tasks...
[2025-08-03 14:25:16,058] INFO - [Worker] Waiting for task from queue...
[2025-08-03 14:25:16,062] INFO - [CLI] Task put in queue.
[2025-08-03 14:25:16,063] INFO - [Worker] Got task: fibonacci - n=10
[2025-08-03 14:25:16,063] INFO - [DEBUG] Result calculated: 55
[2025-08-03 14:25:16,082] INFO - [Worker] fibonacci({'n': 10}) = 55
[2025-08-03 14:25:16,082] INFO - [Worker] Waiting for task from queue...
[2025-08-03 14:25:16,083] INFO - [Worker] Shutdown signal received. Exiting worker...
